[debug] [2023-07-04T06:26:44.607Z] ----------------------------------------------------------------------
[debug] [2023-07-04T06:26:44.610Z] Command:       C:\Program Files\nodejs\node.exe C:\Users\truong\AppData\Roaming\npm\node_modules\firebase-tools\lib\bin\firebase.js init
[debug] [2023-07-04T06:26:44.610Z] CLI Version:   12.4.0
[debug] [2023-07-04T06:26:44.611Z] Platform:      win32
[debug] [2023-07-04T06:26:44.611Z] Node Version:  v20.3.1
[debug] [2023-07-04T06:26:44.611Z] Time:          Tue Jul 04 2023 13:26:44 GMT+0700 (Indochina Time)
[debug] [2023-07-04T06:26:44.611Z] ----------------------------------------------------------------------
[debug] 
[debug] [2023-07-04T06:26:44.681Z] > command requires scopes: ["email","openid","https://www.googleapis.com/auth/cloudplatformprojects.readonly","https://www.googleapis.com/auth/firebase","https://www.googleapis.com/auth/cloud-platform"]
[debug] [2023-07-04T06:26:44.681Z] > authorizing via signed-in user (truong01278939291@gmail.com)
[info] 
     ######## #### ########  ######## ########     ###     ######  ########
     ##        ##  ##     ## ##       ##     ##  ##   ##  ##       ##
     ######    ##  ########  ######   ########  #########  ######  ######
     ##        ##  ##    ##  ##       ##     ## ##     ##       ## ##
     ##       #### ##     ## ######## ########  ##     ##  ######  ########

You're about to initialize a Firebase project in this directory:

  C:\Users\truong

Before we get started, keep in mind:

  * You are initializing within an existing Firebase project directory

[info] 
=== Project Setup
[info] 
[info] First, let's associate this project directory with a Firebase project.
[info] You can create multiple project aliases by running firebase use --add, 
[info] but for now we'll just set up a default project.
[info] 
[debug] [2023-07-04T06:27:04.820Z] Using project from CLI flag: project-sem-1-10d3b
[debug] [2023-07-04T06:27:04.822Z] >>> [apiv2][query] GET https://firebase.googleapis.com/v1beta1/projects/project-sem-1-10d3b [none]
[debug] [2023-07-04T06:27:05.264Z] <<< [apiv2][status] GET https://firebase.googleapis.com/v1beta1/projects/project-sem-1-10d3b 200
[debug] [2023-07-04T06:27:05.264Z] <<< [apiv2][body] GET https://firebase.googleapis.com/v1beta1/projects/project-sem-1-10d3b {"projectId":"project-sem-1-10d3b","projectNumber":"577264478931","displayName":"project-sem-1","name":"projects/project-sem-1-10d3b","resources":{"hostingSite":"project-sem-1-10d3b","realtimeDatabaseInstance":"project-sem-1-10d3b-default-rtdb"},"state":"ACTIVE","etag":"1_d52fc851-164c-4b41-a7d4-c9a207a0bbdd"}
[info] i  Using project project-sem-1-10d3b (project-sem-1) 
[info] 
=== Database Setup
[info] i  database: ensuring required API firebasedatabase.googleapis.com is enabled... 
[debug] [2023-07-04T06:27:05.274Z] >>> [apiv2][query] GET https://serviceusage.googleapis.com/v1/projects/project-sem-1-10d3b/services/firebasedatabase.googleapis.com [none]
[debug] [2023-07-04T06:27:05.274Z] >>> [apiv2][(partial)header] GET https://serviceusage.googleapis.com/v1/projects/project-sem-1-10d3b/services/firebasedatabase.googleapis.com x-goog-quota-user=projects/project-sem-1-10d3b
[debug] [2023-07-04T06:27:08.240Z] <<< [apiv2][status] GET https://serviceusage.googleapis.com/v1/projects/project-sem-1-10d3b/services/firebasedatabase.googleapis.com 200
[debug] [2023-07-04T06:27:08.241Z] <<< [apiv2][body] GET https://serviceusage.googleapis.com/v1/projects/project-sem-1-10d3b/services/firebasedatabase.googleapis.com [omitted]
[info] +  database: required API firebasedatabase.googleapis.com is enabled 
[info] 
[debug] [2023-07-04T06:27:08.244Z] >>> [apiv2][query] GET https://firebasedatabase.googleapis.com/v1beta/projects/project-sem-1-10d3b/locations/-/instances/project-sem-1-10d3b-default-rtdb [none]
[debug] [2023-07-04T06:27:09.721Z] <<< [apiv2][status] GET https://firebasedatabase.googleapis.com/v1beta/projects/project-sem-1-10d3b/locations/-/instances/project-sem-1-10d3b-default-rtdb 200
[debug] [2023-07-04T06:27:09.722Z] <<< [apiv2][body] GET https://firebasedatabase.googleapis.com/v1beta/projects/project-sem-1-10d3b/locations/-/instances/project-sem-1-10d3b-default-rtdb {"name":"projects/577264478931/locations/asia-southeast1/instances/project-sem-1-10d3b-default-rtdb","project":"projects/577264478931","databaseUrl":"https://project-sem-1-10d3b-default-rtdb.asia-southeast1.firebasedatabase.app","type":"DEFAULT_DATABASE","state":"ACTIVE"}
[info] 
[info] Firebase Realtime Database Security Rules allow you to define how your data should be
[info] structured and when your data can be read from and written to.
[info] 
[debug] [2023-07-04T06:27:09.729Z] >>> [apiv2][query] GET https://project-sem-1-10d3b-default-rtdb.asia-southeast1.firebasedatabase.app/.settings/rules.json [none]
[debug] [2023-07-04T06:27:11.978Z] <<< [apiv2][status] GET https://project-sem-1-10d3b-default-rtdb.asia-southeast1.firebasedatabase.app/.settings/rules.json 200
[debug] [2023-07-04T06:27:11.978Z] <<< [apiv2][body] GET https://project-sem-1-10d3b-default-rtdb.asia-southeast1.firebasedatabase.app/.settings/rules.json [stream]
[info] +  Database Rules for project-sem-1-10d3b-default-rtdb have been written to database.rules.json. 
[info] Future modifications to database.rules.json will update Realtime Database Security Rules when you run
[info] firebase deploy.
[info] 
=== Firestore Setup
[debug] [2023-07-04T06:27:11.986Z] >>> [apiv2][query] GET https://serviceusage.googleapis.com/v1/projects/project-sem-1-10d3b/services/firestore.googleapis.com [none]
[debug] [2023-07-04T06:27:11.986Z] >>> [apiv2][(partial)header] GET https://serviceusage.googleapis.com/v1/projects/project-sem-1-10d3b/services/firestore.googleapis.com x-goog-quota-user=projects/project-sem-1-10d3b
[debug] [2023-07-04T06:27:13.170Z] <<< [apiv2][status] GET https://serviceusage.googleapis.com/v1/projects/project-sem-1-10d3b/services/firestore.googleapis.com 200
[debug] [2023-07-04T06:27:13.170Z] <<< [apiv2][body] GET https://serviceusage.googleapis.com/v1/projects/project-sem-1-10d3b/services/firestore.googleapis.com [omitted]
[debug] [2023-07-04T06:27:13.171Z] >>> [apiv2][query] GET https://firestore.googleapis.com/v1/projects/project-sem-1-10d3b/databases/(default) [none]
[debug] [2023-07-04T06:27:13.599Z] <<< [apiv2][status] GET https://firestore.googleapis.com/v1/projects/project-sem-1-10d3b/databases/(default) 200
[debug] [2023-07-04T06:27:13.600Z] <<< [apiv2][body] GET https://firestore.googleapis.com/v1/projects/project-sem-1-10d3b/databases/(default) {"name":"projects/project-sem-1-10d3b/databases/(default)","uid":"bfff9e88-59fb-4dec-8971-4b9cf517f4b3","createTime":"2023-07-04T06:05:59.955892Z","updateTime":"2023-07-04T06:05:59.955892Z","locationId":"asia-southeast1","type":"FIRESTORE_NATIVE","concurrencyMode":"PESSIMISTIC","versionRetentionPeriod":"3600s","earliestVersionTime":"2023-07-04T06:05:59.955892Z","appEngineIntegrationMode":"DISABLED","keyPrefix":"zas","pointInTimeRecoveryEnablement":"POINT_IN_TIME_RECOVERY_DISABLED","deleteProtectionState":"DELETE_PROTECTION_DISABLED","etag":"IPX3hPy19P8CMOmIvLCy9P8C"}
[debug] [2023-07-04T06:27:13.600Z] database_type: FIRESTORE_NATIVE
[debug] [2023-07-04T06:27:13.601Z] > command requires scopes: ["email","openid","https://www.googleapis.com/auth/cloudplatformprojects.readonly","https://www.googleapis.com/auth/firebase","https://www.googleapis.com/auth/cloud-platform"]
[debug] [2023-07-04T06:27:13.601Z] > authorizing via signed-in user (truong01278939291@gmail.com)
[debug] [2023-07-04T06:27:13.602Z] [iam] checking project project-sem-1-10d3b for permissions ["firebase.projects.get"]
[debug] [2023-07-04T06:27:13.603Z] >>> [apiv2][query] POST https://cloudresourcemanager.googleapis.com/v1/projects/project-sem-1-10d3b:testIamPermissions [none]
[debug] [2023-07-04T06:27:13.603Z] >>> [apiv2][(partial)header] POST https://cloudresourcemanager.googleapis.com/v1/projects/project-sem-1-10d3b:testIamPermissions x-goog-quota-user=projects/project-sem-1-10d3b
[debug] [2023-07-04T06:27:13.603Z] >>> [apiv2][body] POST https://cloudresourcemanager.googleapis.com/v1/projects/project-sem-1-10d3b:testIamPermissions {"permissions":["firebase.projects.get"]}
[debug] [2023-07-04T06:27:15.039Z] <<< [apiv2][status] POST https://cloudresourcemanager.googleapis.com/v1/projects/project-sem-1-10d3b:testIamPermissions 200
[debug] [2023-07-04T06:27:15.039Z] <<< [apiv2][body] POST https://cloudresourcemanager.googleapis.com/v1/projects/project-sem-1-10d3b:testIamPermissions {"permissions":["firebase.projects.get"]}
[info] 
[info] Firestore Security Rules allow you to define how and when to allow
[info] requests. You can keep these rules in your project directory
[info] and publish them with firebase deploy.
[info] 
[debug] [2023-07-04T06:27:20.841Z] >>> [apiv2][query] GET https://firebaserules.googleapis.com/v1/projects/project-sem-1-10d3b/releases pageSize=10&pageToken=
[debug] [2023-07-04T06:27:22.219Z] <<< [apiv2][status] GET https://firebaserules.googleapis.com/v1/projects/project-sem-1-10d3b/releases 200
[debug] [2023-07-04T06:27:22.219Z] <<< [apiv2][body] GET https://firebaserules.googleapis.com/v1/projects/project-sem-1-10d3b/releases {"releases":[{"name":"projects/project-sem-1-10d3b/releases/cloud.firestore","rulesetName":"projects/project-sem-1-10d3b/rulesets/d8ad9f57-beb6-4cac-b0c1-f9c87dace7fe","createTime":"2023-07-04T06:06:08.392440Z","updateTime":"2023-07-04T06:25:27.182737Z"}]}
[debug] [2023-07-04T06:27:22.220Z] Found ruleset: projects/project-sem-1-10d3b/rulesets/d8ad9f57-beb6-4cac-b0c1-f9c87dace7fe
[debug] [2023-07-04T06:27:22.220Z] >>> [apiv2][query] GET https://firebaserules.googleapis.com/v1/projects/project-sem-1-10d3b/rulesets/d8ad9f57-beb6-4cac-b0c1-f9c87dace7fe [none]
[debug] [2023-07-04T06:27:23.338Z] <<< [apiv2][status] GET https://firebaserules.googleapis.com/v1/projects/project-sem-1-10d3b/rulesets/d8ad9f57-beb6-4cac-b0c1-f9c87dace7fe 200
[debug] [2023-07-04T06:27:23.339Z] <<< [apiv2][body] GET https://firebaserules.googleapis.com/v1/projects/project-sem-1-10d3b/rulesets/d8ad9f57-beb6-4cac-b0c1-f9c87dace7fe [omitted]
[info] 
[info] Firestore indexes allow you to perform complex queries while
[info] maintaining performance that scales with the size of the result
[info] set. You can keep index definitions in your project directory
[info] and publish them with firebase deploy.
[info] 
[debug] [2023-07-04T06:27:26.456Z] >>> [apiv2][query] GET https://firestore.googleapis.com/v1/projects/project-sem-1-10d3b/databases/(default)/collectionGroups/-/indexes [none]
[debug] [2023-07-04T06:27:26.459Z] >>> [apiv2][query] GET https://firestore.googleapis.com/v1/projects/project-sem-1-10d3b/databases/(default)/collectionGroups/-/fields?filter=indexConfig.usesAncestorConfig=false OR ttlConfig:* [none]
[debug] [2023-07-04T06:27:27.184Z] <<< [apiv2][status] GET https://firestore.googleapis.com/v1/projects/project-sem-1-10d3b/databases/(default)/collectionGroups/-/fields?filter=indexConfig.usesAncestorConfig=false OR ttlConfig:* 200
[debug] [2023-07-04T06:27:27.184Z] <<< [apiv2][body] GET https://firestore.googleapis.com/v1/projects/project-sem-1-10d3b/databases/(default)/collectionGroups/-/fields?filter=indexConfig.usesAncestorConfig=false OR ttlConfig:* {"fields":[{"name":"projects/project-sem-1-10d3b/databases/(default)/collectionGroups/__default__/fields/*","indexConfig":{"indexes":[{"queryScope":"COLLECTION","fields":[{"fieldPath":"*","order":"ASCENDING"}],"state":"READY"},{"queryScope":"COLLECTION","fields":[{"fieldPath":"*","order":"DESCENDING"}],"state":"READY"},{"queryScope":"COLLECTION","fields":[{"fieldPath":"*","arrayConfig":"CONTAINS"}],"state":"READY"}]}}]}
[debug] [2023-07-04T06:27:31.212Z] <<< [apiv2][status] GET https://firestore.googleapis.com/v1/projects/project-sem-1-10d3b/databases/(default)/collectionGroups/-/indexes 200
[debug] [2023-07-04T06:27:31.212Z] <<< [apiv2][body] GET https://firestore.googleapis.com/v1/projects/project-sem-1-10d3b/databases/(default)/collectionGroups/-/indexes {}
[info] 
=== Hosting Setup
[info] 
[info] Your public directory is the folder (relative to your project directory) that
[info] will contain Hosting assets to be uploaded with firebase deploy. If you
[info] have a build process for your assets, use your build's output directory.
[info] 
